[32m[NOTIC] 16:44:02.252 pbftpersist.go:269[consensus/pbft] restoreState -> [0m=========restore view 0=======
[33m[WARNI] 16:44:02.252 pbftpersist.go:287[consensus/pbft] restoreLastSeqNo -> [0mReplica 1 could not restore lastExec: Height of chain is 0
[32m[NOTIC] 16:44:02.252 pbftprotocal.go:320[consensus/pbft] newPbft -> [0mReplica 1 set vcResendLimit 10
[32m[NOTIC] 16:44:02.252 pbftprotocal.go:358[consensus/pbft] newPbft -> [0m--------PBFT finish start, nodeID: 1--------
[32m[NOTIC] 16:44:04.778 block_pool.go:96[block-pool] NewBlockPool -> [0mBlock pool Initialize demandNumber :1, demandseqNo: 1
[33m[WARNI] 16:44:04.972 node.go:92[p2p] Chat -> [0mNow Say Hello from: 4 5e8c0c5374495859974bce2b1dec44b211397a14eea72ca6b7dac7d482a158c554fa47b52364f7e23895eb4628038a0c
[32m[NOTIC] 16:44:04.988 peer.go:79[p2p] NewPeerByIpAndPort -> [0msecret 96
[33m[WARNI] 16:44:04.994 node.go:92[p2p] Chat -> [0mNow Say Hello from: 4 5e8c0c5374495859974bce2b1dec44b211397a14eea72ca6b7dac7d482a158c554fa47b52364f7e23895eb4628038a0c
[31m[ERROR] 16:44:05.193 peer.go:68[p2p] NewPeerByIpAndPort -> [0mcannot establish a connection
[31m[ERROR] 16:44:05.193 gRPCPeerManager.go:134[p2p] connectToPeer -> [0mNode:  127.0.0.1 : 8002  can not connect!
[31m[ERROR] 16:44:05.193 gRPCPeerManager.go:109[p2p] connectToPeers -> [0mNode:  127.0.0.1 : 8002  can not connect!
 rpc error: code = 14 desc = grpc: the connection is unavailable
[32m[NOTIC] 16:44:05.403 peer.go:79[p2p] NewPeerByIpAndPort -> [0msecret 96
[33m[WARNI] 16:44:05.409 node.go:92[p2p] Chat -> [0mNow Say Hello from: 3 0b397a82244be95a2fc714acb569b9f2d7bba0df877650998c38338248ca1805b538ca5c1af83e0edbcb74f55881b31f
[33m[WARNI] 16:44:05.420 node.go:105[p2p] Chat -> [0mIgnore the  HELLO_RESPONSE message
[32m[NOTIC] 16:44:05.425 peer.go:79[p2p] NewPeerByIpAndPort -> [0msecret 96
[33m[WARNI] 16:44:05.457 node.go:92[p2p] Chat -> [0mNow Say Hello from: 3 0b397a82244be95a2fc714acb569b9f2d7bba0df877650998c38338248ca1805b538ca5c1af83e0edbcb74f55881b31f
[33m[WARNI] 16:44:05.798 node.go:105[p2p] Chat -> [0mIgnore the  HELLO_RESPONSE message
[32m[NOTIC] 16:44:05.803 peer.go:79[p2p] NewPeerByIpAndPort -> [0msecret 96
[32m[NOTIC] 16:44:06.192 gRPCPeerManager.go:76[p2p] Start -> [0mâ”Œâ”€â”€â”€â”€â”€â”€â”€â”€â”€â”€â”€â”€â”€â”€â”€â”€â”€â”€â”€â”€â”€â”€â”€â”€â”€â”€â”€â”€â”
[32m[NOTIC] 16:44:06.192 gRPCPeerManager.go:77[p2p] Start -> [0mâ”‚  All NODES WERE CONNECTED  â”‚
[32m[NOTIC] 16:44:06.192 gRPCPeerManager.go:78[p2p] Start -> [0mâ””â”€â”€â”€â”€â”€â”€â”€â”€â”€â”€â”€â”€â”€â”€â”€â”€â”€â”€â”€â”€â”€â”€â”€â”€â”€â”€â”€â”€â”˜
[33m[WARNI] 16:44:07.458 node.go:92[p2p] Chat -> [0mNow Say Hello from: 2 7db5f8f9d6cc94a470efc664091a5194b969b4a4440344da1cf4ed57da7fb38190b0485418d5d6a1322bf8d9d0f6cc44
[32m[NOTIC] 16:44:07.473 peer.go:79[p2p] NewPeerByIpAndPort -> [0msecret 96
[33m[WARNI] 16:44:07.478 node.go:92[p2p] Chat -> [0mNow Say Hello from: 2 7db5f8f9d6cc94a470efc664091a5194b969b4a4440344da1cf4ed57da7fb38190b0485418d5d6a1322bf8d9d0f6cc44
[32m[NOTIC] 16:44:12.194 pbftprotocal.go:518[consensus/pbft] processPbftEvent -> [0m======== Replica 1 finished negotiating view: 0
[32m[NOTIC] 16:44:12.194 recovery.go:20[consensus/pbft] initRecovery -> [0mReplica 1 now initRecovery
[32m[NOTIC] 16:44:12.194 pbftprotocal.go:539[consensus/pbft] processPbftEvent -> [0m======== Replica 1 finished recovery, height: 0
[32m[NOTIC] 16:50:09.470 block_pool.go:136[block-pool] Validate -> [0mCurrent demandSeqNo is,  2
[32m[NOTIC] 16:50:09.472 pbftprotocal.go:1501[consensus/pbft] executeOne -> [0m--------Replica 1 Call execute, view=0/seqNo=1--------
[32m[NOTIC] 16:50:09.472 block_pool.go:514[block-pool] WriteBlock -> [0mBlock number 1
[32m[NOTIC] 16:50:09.472 block_pool.go:515[block-pool] WriteBlock -> [0mBlock hash c28138877bba7255d67bb609d0cda4bd32d8ef51679ced1a4937d05154ee5000
[32m[NOTIC] 16:51:51.283 block_pool.go:136[block-pool] Validate -> [0mCurrent demandSeqNo is,  3
[32m[NOTIC] 16:51:51.286 pbftprotocal.go:1501[consensus/pbft] executeOne -> [0m--------Replica 1 Call execute, view=0/seqNo=2--------
[32m[NOTIC] 16:51:51.286 block_pool.go:514[block-pool] WriteBlock -> [0mBlock number 2
[32m[NOTIC] 16:51:51.286 block_pool.go:515[block-pool] WriteBlock -> [0mBlock hash dc177f3d4b73204f892681b9aa8f1c4dcaadb4f65c4b20fc2db901a69271589a
[32m[NOTIC] 16:52:07.837 block_pool.go:136[block-pool] Validate -> [0mCurrent demandSeqNo is,  4
[32m[NOTIC] 16:52:07.846 pbftprotocal.go:1501[consensus/pbft] executeOne -> [0m--------Replica 1 Call execute, view=0/seqNo=3--------
[32m[NOTIC] 16:52:07.846 block_pool.go:514[block-pool] WriteBlock -> [0mBlock number 3
[32m[NOTIC] 16:52:07.846 block_pool.go:515[block-pool] WriteBlock -> [0mBlock hash 10082fc4eeeb08ceae8b42bccac196fa18e73158a62de907bd90b3fdeac6e505
