[32m[NOTIC] 17:11:29.770 pbftpersist.go:269[consensus/pbft] restoreState -> [0m=========restore view 0=======
[32m[NOTIC] 17:11:29.770 pbftprotocal.go:320[consensus/pbft] newPbft -> [0mReplica 3 set vcResendLimit 10
[32m[NOTIC] 17:11:29.771 pbftprotocal.go:358[consensus/pbft] newPbft -> [0m--------PBFT finish start, nodeID: 3--------
[32m[NOTIC] 17:11:32.284 block_pool.go:96[block-pool] NewBlockPool -> [0mBlock pool Initialize demandNumber :4, demandseqNo: 4
[31m[ERROR] 17:11:32.498 peer.go:68[p2p] NewPeerByIpAndPort -> [0mcannot establish a connection
[31m[ERROR] 17:11:32.498 gRPCPeerManager.go:134[p2p] connectToPeer -> [0mNode:  127.0.0.1 : 8001  can not connect!
[31m[ERROR] 17:11:32.498 gRPCPeerManager.go:109[p2p] connectToPeers -> [0mNode:  127.0.0.1 : 8001  can not connect!
 rpc error: code = 14 desc = grpc: the connection is unavailable
[33m[WARNI] 17:11:32.665 node.go:92[p2p] Chat -> [0mNow Say Hello from: 2 c4dcb59e6aab20e8d151aef7ce060290e3b47a684a52e1b3ea321227eb117b81449713d9fe2742fb59fd97528e1105c5
[32m[NOTIC] 17:11:32.680 peer.go:79[p2p] NewPeerByIpAndPort -> [0msecret 96
[33m[WARNI] 17:11:32.685 node.go:92[p2p] Chat -> [0mNow Say Hello from: 2 c4dcb59e6aab20e8d151aef7ce060290e3b47a684a52e1b3ea321227eb117b81449713d9fe2742fb59fd97528e1105c5
[33m[WARNI] 17:11:32.705 node.go:105[p2p] Chat -> [0mIgnore the  HELLO_RESPONSE message
[32m[NOTIC] 17:11:32.710 peer.go:79[p2p] NewPeerByIpAndPort -> [0msecret 96
[33m[WARNI] 17:11:32.802 node.go:92[p2p] Chat -> [0mNow Say Hello from: 4 3ce2a591e0c874724f98f819f67036b6ac0dd02cb9d5c9e73fffdc3916cc5a76bfba121a57e2e0182cb24590753123ca
[32m[NOTIC] 17:11:32.817 peer.go:79[p2p] NewPeerByIpAndPort -> [0msecret 96
[33m[WARNI] 17:11:32.822 node.go:92[p2p] Chat -> [0mNow Say Hello from: 4 3ce2a591e0c874724f98f819f67036b6ac0dd02cb9d5c9e73fffdc3916cc5a76bfba121a57e2e0182cb24590753123ca
[33m[WARNI] 17:11:33.304 node.go:105[p2p] Chat -> [0mIgnore the  HELLO_RESPONSE message
[32m[NOTIC] 17:11:33.309 peer.go:79[p2p] NewPeerByIpAndPort -> [0msecret 96
[32m[NOTIC] 17:11:33.698 gRPCPeerManager.go:76[p2p] Start -> [0mâ”Œâ”€â”€â”€â”€â”€â”€â”€â”€â”€â”€â”€â”€â”€â”€â”€â”€â”€â”€â”€â”€â”€â”€â”€â”€â”€â”€â”€â”€â”
[32m[NOTIC] 17:11:33.698 gRPCPeerManager.go:77[p2p] Start -> [0mâ”‚  All NODES WERE CONNECTED  â”‚
[32m[NOTIC] 17:11:33.698 gRPCPeerManager.go:78[p2p] Start -> [0mâ””â”€â”€â”€â”€â”€â”€â”€â”€â”€â”€â”€â”€â”€â”€â”€â”€â”€â”€â”€â”€â”€â”€â”€â”€â”€â”€â”€â”€â”˜
[33m[WARNI] 17:11:53.045 node.go:92[p2p] Chat -> [0mNow Say Hello from: 1 e327d29d325726c4d147b2f10174f17137aec917c78f882d9693fbc183c6f8f9b1fedea0fd6e69f3c380bae1ab97ff39
[32m[NOTIC] 17:11:53.060 peer.go:79[p2p] NewPeerByIpAndPort -> [0msecret 96
[33m[WARNI] 17:11:53.066 node.go:92[p2p] Chat -> [0mNow Say Hello from: 1 e327d29d325726c4d147b2f10174f17137aec917c78f882d9693fbc183c6f8f9b1fedea0fd6e69f3c380bae1ab97ff39
[32m[NOTIC] 17:11:57.701 pbftprotocal.go:518[consensus/pbft] processPbftEvent -> [0m======== Replica 3 finished negotiating view: 0
[32m[NOTIC] 17:11:57.701 recovery.go:20[consensus/pbft] initRecovery -> [0mReplica 3 now initRecovery
[32m[NOTIC] 17:11:57.703 pbftprotocal.go:539[consensus/pbft] processPbftEvent -> [0m======== Replica 3 finished recovery, height: 3
[32m[NOTIC] 17:12:30.560 block_pool.go:136[block-pool] Validate -> [0mCurrent demandSeqNo is,  5
[32m[NOTIC] 17:12:30.560 pbftprotocal.go:1501[consensus/pbft] executeOne -> [0m--------Replica 3 Call execute, view=0/seqNo=4--------
[32m[NOTIC] 17:12:30.561 block_pool.go:514[block-pool] WriteBlock -> [0mBlock number 4
[32m[NOTIC] 17:12:30.561 block_pool.go:515[block-pool] WriteBlock -> [0mBlock hash 08da76c470d4fd56d0d87c0b0f263c977ca6db672a860c393091c67e233e3bb0
