[33m[WARNI] 19:06:50.748 database_utils.go:597[] IsGenesisFinish -> [0mmissing genesis block
[32m[NOTIC] 19:06:50.750 pbftpersist.go:271[consensus/pbft] restoreState -> [0mReplica 1 could not restore view: leveldb: not found
[33m[WARNI] 19:06:50.750 pbftpersist.go:287[consensus/pbft] restoreLastSeqNo -> [0mReplica 1 could not restore lastExec: Height of chain is 0
[32m[NOTIC] 19:06:50.753 pbftprotocal.go:320[consensus/pbft] newPbft -> [0mReplica 1 set vcResendLimit 10
[32m[NOTIC] 19:06:50.754 pbftprotocal.go:358[consensus/pbft] newPbft -> [0m--------PBFT finish start, nodeID: 1--------
[32m[NOTIC] 19:06:54.018 block_pool.go:96[block-pool] NewBlockPool -> [0mBlock pool Initialize demandNumber :1, demandseqNo: 1
[33m[WARNI] 19:06:54.291 node.go:92[p2p] Chat -> [0mNow Say Hello from: 2 35e8aea0019b3313c0afbb50097a52386ba67f621df421b4f01436d48a0ede0096bc1db46fb718d8eaf784c41a72bf97
[32m[NOTIC] 19:06:54.307 peer.go:79[p2p] NewPeerByIpAndPort -> [0msecret 96
[33m[WARNI] 19:06:54.314 node.go:92[p2p] Chat -> [0mNow Say Hello from: 2 35e8aea0019b3313c0afbb50097a52386ba67f621df421b4f01436d48a0ede0096bc1db46fb718d8eaf784c41a72bf97
[33m[WARNI] 19:06:54.440 node.go:105[p2p] Chat -> [0mIgnore the  HELLO_RESPONSE message
[32m[NOTIC] 19:06:54.444 peer.go:79[p2p] NewPeerByIpAndPort -> [0msecret 96
[32m[NOTIC] 19:06:54.851 peer.go:79[p2p] NewPeerByIpAndPort -> [0msecret 96
[33m[WARNI] 19:06:54.857 node.go:92[p2p] Chat -> [0mNow Say Hello from: 3 e37b36fd3cc3bf9e906d88e505cb7312ac484113e8c6ed2323d77d113ddf0d32ca3a4633fdb59ba1ca71e4c58a321444
[33m[WARNI] 19:06:54.868 node.go:105[p2p] Chat -> [0mIgnore the  HELLO_RESPONSE message
[32m[NOTIC] 19:06:54.873 peer.go:79[p2p] NewPeerByIpAndPort -> [0msecret 96
[33m[WARNI] 19:06:54.878 node.go:92[p2p] Chat -> [0mNow Say Hello from: 4 69f8fb008495c7f52b8154d5d1a9e0370f43f79c77d74758f091420452446b1be6257cfc7fda6b0b231371c3fceb2448
[32m[NOTIC] 19:06:54.894 peer.go:79[p2p] NewPeerByIpAndPort -> [0msecret 96
[33m[WARNI] 19:06:54.900 node.go:92[p2p] Chat -> [0mNow Say Hello from: 4 69f8fb008495c7f52b8154d5d1a9e0370f43f79c77d74758f091420452446b1be6257cfc7fda6b0b231371c3fceb2448
[33m[WARNI] 19:06:54.913 node.go:92[p2p] Chat -> [0mNow Say Hello from: 3 e37b36fd3cc3bf9e906d88e505cb7312ac484113e8c6ed2323d77d113ddf0d32ca3a4633fdb59ba1ca71e4c58a321444
[33m[WARNI] 19:06:55.240 node.go:105[p2p] Chat -> [0mIgnore the  HELLO_RESPONSE message
[32m[NOTIC] 19:06:55.245 peer.go:79[p2p] NewPeerByIpAndPort -> [0msecret 96
[32m[NOTIC] 19:06:55.633 gRPCPeerManager.go:76[p2p] Start -> [0mâ”Œâ”€â”€â”€â”€â”€â”€â”€â”€â”€â”€â”€â”€â”€â”€â”€â”€â”€â”€â”€â”€â”€â”€â”€â”€â”€â”€â”€â”€â”
[32m[NOTIC] 19:06:55.633 gRPCPeerManager.go:77[p2p] Start -> [0mâ”‚  All NODES WERE CONNECTED  â”‚
[32m[NOTIC] 19:06:55.633 gRPCPeerManager.go:78[p2p] Start -> [0mâ””â”€â”€â”€â”€â”€â”€â”€â”€â”€â”€â”€â”€â”€â”€â”€â”€â”€â”€â”€â”€â”€â”€â”€â”€â”€â”€â”€â”€â”˜
[32m[NOTIC] 19:07:01.635 pbftprotocal.go:518[consensus/pbft] processPbftEvent -> [0m======== Replica 1 finished negotiating view: 0
[32m[NOTIC] 19:07:01.635 recovery.go:20[consensus/pbft] initRecovery -> [0mReplica 1 now initRecovery
[32m[NOTIC] 19:07:01.635 pbftprotocal.go:539[consensus/pbft] processPbftEvent -> [0m======== Replica 1 finished recovery, height: 0
