[32m[NOTIC] 11:03:47.227 pbftpersist.go:269[consensus/pbft] restoreState -> [0m=========restore view 0=======
[32m[NOTIC] 11:03:47.227 pbftprotocal.go:320[consensus/pbft] newPbft -> [0mReplica 3 set vcResendLimit 10
[32m[NOTIC] 11:03:47.227 pbftprotocal.go:358[consensus/pbft] newPbft -> [0m--------PBFT finish start, nodeID: 3--------
[32m[NOTIC] 11:03:50.220 block_pool.go:96[block-pool] NewBlockPool -> [0mBlock pool Initialize demandNumber :5, demandseqNo: 5
[32m[NOTIC] 11:03:50.446 peer.go:79[p2p] NewPeerByIpAndPort -> [0msecret 96
[33m[WARNI] 11:03:50.451 node.go:92[p2p] Chat -> [0mNow Say Hello from: 1 89ab4dd0b70041e2034e6d83e60358e5b119e05f8fd121d31e0a452d3923eb04e4752c509cb5256e49c885e0b4878120
[33m[WARNI] 11:03:50.463 node.go:105[p2p] Chat -> [0mIgnore the  HELLO_RESPONSE message
[32m[NOTIC] 11:03:50.469 peer.go:79[p2p] NewPeerByIpAndPort -> [0msecret 96
[33m[WARNI] 11:03:50.758 node.go:92[p2p] Chat -> [0mNow Say Hello from: 2 5eef4ba53084b8c8df7e92acfccd5db38d35892cf1d5676ea1809858d3e89fec33bb87787d257fc2ae4c13a5a2e0c0d9
[32m[NOTIC] 11:03:50.777 peer.go:79[p2p] NewPeerByIpAndPort -> [0msecret 96
[33m[WARNI] 11:03:50.782 node.go:92[p2p] Chat -> [0mNow Say Hello from: 2 5eef4ba53084b8c8df7e92acfccd5db38d35892cf1d5676ea1809858d3e89fec33bb87787d257fc2ae4c13a5a2e0c0d9
[33m[WARNI] 11:03:50.841 node.go:105[p2p] Chat -> [0mIgnore the  HELLO_RESPONSE message
[32m[NOTIC] 11:03:50.846 peer.go:79[p2p] NewPeerByIpAndPort -> [0msecret 96
[33m[WARNI] 11:03:50.908 node.go:92[p2p] Chat -> [0mNow Say Hello from: 1 89ab4dd0b70041e2034e6d83e60358e5b119e05f8fd121d31e0a452d3923eb04e4752c509cb5256e49c885e0b4878120
[32m[NOTIC] 11:03:51.446 peer.go:79[p2p] NewPeerByIpAndPort -> [0msecret 96
[33m[WARNI] 11:03:51.451 node.go:92[p2p] Chat -> [0mNow Say Hello from: 4 71c56c161c4f6d18a8f63860ccbef520b40b4946dd12e20b1ccfde792cddb557e2e0d9e1f41848abe17f8d69870eef71
[33m[WARNI] 11:03:51.461 node.go:105[p2p] Chat -> [0mIgnore the  HELLO_RESPONSE message
[32m[NOTIC] 11:03:51.465 peer.go:79[p2p] NewPeerByIpAndPort -> [0msecret 96
[33m[WARNI] 11:03:51.608 node.go:92[p2p] Chat -> [0mNow Say Hello from: 4 71c56c161c4f6d18a8f63860ccbef520b40b4946dd12e20b1ccfde792cddb557e2e0d9e1f41848abe17f8d69870eef71
[32m[NOTIC] 11:03:51.834 gRPCPeerManager.go:76[p2p] Start -> [0mâ”Œâ”€â”€â”€â”€â”€â”€â”€â”€â”€â”€â”€â”€â”€â”€â”€â”€â”€â”€â”€â”€â”€â”€â”€â”€â”€â”€â”€â”€â”
[32m[NOTIC] 11:03:51.835 gRPCPeerManager.go:77[p2p] Start -> [0mâ”‚  All NODES WERE CONNECTED  â”‚
[32m[NOTIC] 11:03:51.835 gRPCPeerManager.go:78[p2p] Start -> [0mâ””â”€â”€â”€â”€â”€â”€â”€â”€â”€â”€â”€â”€â”€â”€â”€â”€â”€â”€â”€â”€â”€â”€â”€â”€â”€â”€â”€â”€â”˜
[32m[NOTIC] 11:03:57.835 pbftprotocal.go:518[consensus/pbft] processPbftEvent -> [0m======== Replica 3 finished negotiating view: 0
[32m[NOTIC] 11:03:57.836 recovery.go:20[consensus/pbft] initRecovery -> [0mReplica 3 now initRecovery
[32m[NOTIC] 11:03:57.836 pbftprotocal.go:539[consensus/pbft] processPbftEvent -> [0m======== Replica 3 finished recovery, height: 4
